<?xml version="1.0" encoding="UTF-8"?>
<testng-results skipped="0" failed="1" total="1" passed="0">
  <reporter-output>
  </reporter-output>
  <suite name="Default suite" duration-ms="23220" started-at="2016-05-19T01:51:10Z" finished-at="2016-05-19T01:51:33Z">
    <groups>
    </groups>
    <test name="Default test" duration-ms="23220" started-at="2016-05-19T01:51:10Z" finished-at="2016-05-19T01:51:33Z">
      <class name="login.LoginTeste">
        <test-method status="PASS" signature="inciaTeste()[pri:0, instance:login.LoginTeste@8bd1b6a]" name="inciaTeste" is-config="true" duration-ms="6520" started-at="2016-05-18T22:51:10Z" finished-at="2016-05-18T22:51:16Z">
          <reporter-output>
          </reporter-output>
        </test-method> <!-- inciaTeste -->
        <test-method status="FAIL" signature="testeLogin()[pri:0, instance:login.LoginTeste@8bd1b6a]" name="testeLogin" duration-ms="16392" started-at="2016-05-18T22:51:16Z" finished-at="2016-05-18T22:51:33Z">
          <exception class="org.openqa.selenium.WebDriverException">
            <message>
              <![CDATA[unknown error: cannot focus element
  (Session info: chrome=49.0.2623.108)
  (Driver info: chromedriver=2.21.371461 (633e689b520b25f3e264a2ede6b74ccc23cb636a),platform=Linux 4.4.0-22-generic x86_64) (WARNING: The server did not provide any stacktrace information)
Command duration or timeout: 80 milliseconds
Build info: version: '2.53.0', revision: '35ae25b1534ae328c771e0856c93e187490ca824', time: '2016-03-15 10:43:46'
System info: host: 'deivid-R480-R431-R481', ip: '127.0.1.1', os.name: 'Linux', os.arch: 'amd64', os.version: '4.4.0-22-generic', java.version: '1.8.0_91'
Driver info: org.openqa.selenium.chrome.ChromeDriver
Capabilities [{applicationCacheEnabled=false, rotatable=false, mobileEmulationEnabled=false, chrome={chromedriverVersion=2.21.371461 (633e689b520b25f3e264a2ede6b74ccc23cb636a), userDataDir=/tmp/.com.google.Chrome.XiX4YS}, takesHeapSnapshot=true, databaseEnabled=false, handlesAlerts=true, hasTouchScreen=false, version=49.0.2623.108, platform=LINUX, browserConnectionEnabled=false, nativeEvents=true, acceptSslCerts=true, locationContextEnabled=true, webStorageEnabled=true, browserName=chrome, takesScreenshot=true, javascriptEnabled=true, cssSelectorsEnabled=true}]
Session ID: 6bea2f937050df68ae5b4a3aec7ffba4]]>
            </message>
            <full-stacktrace>
              <![CDATA[org.openqa.selenium.WebDriverException: unknown error: cannot focus element
  (Session info: chrome=49.0.2623.108)
  (Driver info: chromedriver=2.21.371461 (633e689b520b25f3e264a2ede6b74ccc23cb636a),platform=Linux 4.4.0-22-generic x86_64) (WARNING: The server did not provide any stacktrace information)
Command duration or timeout: 80 milliseconds
Build info: version: '2.53.0', revision: '35ae25b1534ae328c771e0856c93e187490ca824', time: '2016-03-15 10:43:46'
System info: host: 'deivid-R480-R431-R481', ip: '127.0.1.1', os.name: 'Linux', os.arch: 'amd64', os.version: '4.4.0-22-generic', java.version: '1.8.0_91'
Driver info: org.openqa.selenium.chrome.ChromeDriver
Capabilities [{applicationCacheEnabled=false, rotatable=false, mobileEmulationEnabled=false, chrome={chromedriverVersion=2.21.371461 (633e689b520b25f3e264a2ede6b74ccc23cb636a), userDataDir=/tmp/.com.google.Chrome.XiX4YS}, takesHeapSnapshot=true, databaseEnabled=false, handlesAlerts=true, hasTouchScreen=false, version=49.0.2623.108, platform=LINUX, browserConnectionEnabled=false, nativeEvents=true, acceptSslCerts=true, locationContextEnabled=true, webStorageEnabled=true, browserName=chrome, takesScreenshot=true, javascriptEnabled=true, cssSelectorsEnabled=true}]
Session ID: 6bea2f937050df68ae5b4a3aec7ffba4
	at sun.reflect.NativeConstructorAccessorImpl.newInstance0(Native Method)
	at sun.reflect.NativeConstructorAccessorImpl.newInstance(NativeConstructorAccessorImpl.java:62)
	at sun.reflect.DelegatingConstructorAccessorImpl.newInstance(DelegatingConstructorAccessorImpl.java:45)
	at java.lang.reflect.Constructor.newInstance(Constructor.java:423)
	at org.openqa.selenium.remote.ErrorHandler.createThrowable(ErrorHandler.java:206)
	at org.openqa.selenium.remote.ErrorHandler.throwIfResponseFailed(ErrorHandler.java:158)
	at org.openqa.selenium.remote.RemoteWebDriver.execute(RemoteWebDriver.java:678)
	at org.openqa.selenium.remote.RemoteWebElement.execute(RemoteWebElement.java:327)
	at org.openqa.selenium.remote.RemoteWebElement.sendKeys(RemoteWebElement.java:122)
	at pageObjects.login.Login.preencherCampoSenha(Login.java:41)
	at login.LoginTeste.testeLogin(LoginTeste.java:18)
	at sun.reflect.NativeMethodAccessorImpl.invoke0(Native Method)
	at sun.reflect.NativeMethodAccessorImpl.invoke(NativeMethodAccessorImpl.java:62)
	at sun.reflect.DelegatingMethodAccessorImpl.invoke(DelegatingMethodAccessorImpl.java:43)
	at java.lang.reflect.Method.invoke(Method.java:498)
	at org.testng.internal.MethodInvocationHelper.invokeMethod(MethodInvocationHelper.java:86)
	at org.testng.internal.Invoker.invokeMethod(Invoker.java:643)
	at org.testng.internal.Invoker.invokeTestMethod(Invoker.java:820)
	at org.testng.internal.Invoker.invokeTestMethods(Invoker.java:1128)
	at org.testng.internal.TestMethodWorker.invokeTestMethods(TestMethodWorker.java:129)
	at org.testng.internal.TestMethodWorker.run(TestMethodWorker.java:112)
	at org.testng.TestRunner.privateRun(TestRunner.java:782)
	at org.testng.TestRunner.run(TestRunner.java:632)
	at org.testng.SuiteRunner.runTest(SuiteRunner.java:366)
	at org.testng.SuiteRunner.runSequentially(SuiteRunner.java:361)
	at org.testng.SuiteRunner.privateRun(SuiteRunner.java:319)
	at org.testng.SuiteRunner.run(SuiteRunner.java:268)
	at org.testng.SuiteRunnerWorker.runSuite(SuiteRunnerWorker.java:52)
	at org.testng.SuiteRunnerWorker.run(SuiteRunnerWorker.java:86)
	at org.testng.TestNG.runSuitesSequentially(TestNG.java:1244)
	at org.testng.TestNG.runSuitesLocally(TestNG.java:1169)
	at org.testng.TestNG.run(TestNG.java:1064)
	at org.testng.remote.AbstractRemoteTestNG.run(AbstractRemoteTestNG.java:126)
	at org.testng.remote.RemoteTestNG.initAndRun(RemoteTestNG.java:137)
	at org.testng.remote.RemoteTestNG.main(RemoteTestNG.java:58)
]]>
            </full-stacktrace>
          </exception> <!-- org.openqa.selenium.WebDriverException -->
          <reporter-output>
          </reporter-output>
        </test-method> <!-- testeLogin -->
        <test-method status="PASS" signature="finalizaTeste()[pri:0, instance:login.LoginTeste@8bd1b6a]" name="finalizaTeste" is-config="true" duration-ms="265" started-at="2016-05-18T22:51:33Z" finished-at="2016-05-18T22:51:33Z">
          <reporter-output>
          </reporter-output>
        </test-method> <!-- finalizaTeste -->
      </class> <!-- login.LoginTeste -->
    </test> <!-- Default test -->
  </suite> <!-- Default suite -->
</testng-results>
